<?xml version="1.0" encoding="UTF-8"?>
<!-- Generated by org.testng.reporters.JUnitReportReporter -->
<testsuite hostname="LAPTOP-K694228G" failures="0" tests="1" name="org.Learn.InputData" time="0.007" errors="0" timestamp="2022-12-06T01:12:35 CET" skipped="0">
  <testcase classname="org.Learn.InputData" name="testGetInputData" time="0.007"/>
  <system-out/>
</testsuite> <!-- org.Learn.InputData -->
