<?xml version="1.0" encoding="UTF-8"?>
<!-- Generated by org.testng.reporters.JUnitReportReporter -->
<testsuite hostname="LAPTOP-K694228G" failures="0" tests="1" name="org.Learn.InputData" time="0.001" errors="0" timestamp="2021-10-29T09:07:32 CEST" skipped="0">
  <testcase classname="org.Learn.InputData" name="testGetInputData" time="0.001"/>
  <system-out/>
</testsuite> <!-- org.Learn.InputData -->
