<?xml version="1.0" encoding="UTF-8"?>
<!-- Generated by org.testng.reporters.JUnitReportReporter -->
<testsuite hostname="LAPTOP-K694228G" failures="0" tests="7" name="org.Learn.Login" time="0.032" errors="0" timestamp="2021-11-12T13:24:40 CET" skipped="0">
  <testcase classname="org.Learn.Login" name="test" time="0.010"/>
  <system-out/>
  <testcase classname="org.Learn.Login" name="test" time="0.010"/>
  <system-out/>
  <testcase classname="org.Learn.Login" name="test1" time="0.000"/>
  <system-out/>
  <testcase classname="org.Learn.Login" name="test" time="0.000"/>
  <system-out/>
  <testcase classname="org.Learn.Login" name="test" time="0.001"/>
  <system-out/>
  <testcase classname="org.Learn.Login" name="test" time="0.010"/>
  <system-out/>
  <testcase classname="org.Learn.Login" name="test" time="0.001"/>
  <system-out/>
</testsuite> <!-- org.Learn.Login -->
