<?xml version="1.0" encoding="UTF-8"?>
<!-- Generated by org.testng.reporters.JUnitReportReporter -->
<testsuite hostname="LAPTOP-K694228G" failures="0" tests="7" name="org.Learn.Login" time="0.081" errors="0" timestamp="2022-03-01T17:43:31 CET" skipped="0">
  <testcase classname="org.Learn.Login" name="test" time="0.019"/>
  <system-out/>
  <testcase classname="org.Learn.Login" name="test" time="0.019"/>
  <system-out/>
  <testcase classname="org.Learn.Login" name="test" time="0.002"/>
  <system-out/>
  <testcase classname="org.Learn.Login" name="test" time="0.019"/>
  <system-out/>
  <testcase classname="org.Learn.Login" name="test1" time="0.013"/>
  <system-out/>
  <testcase classname="org.Learn.Login" name="test" time="0.005"/>
  <system-out/>
  <testcase classname="org.Learn.Login" name="test" time="0.004"/>
  <system-out/>
</testsuite> <!-- org.Learn.Login -->
